<?xml version="1.0" encoding="UTF-8"?>
<!-- Generated by org.testng.reporters.JUnitReportReporter -->
<testsuite hostname="DESKTOP-2R1P9IO" failures="0" tests="1" name="com.OrangeHRM.base.Dummy" time="0.000" errors="0" timestamp="04 Mar 2020 16:30:43 GMT" skipped="1">
  <testcase classname="com.OrangeHRM.base.Dummy" name="test" time="0.000">
    <skipped/>
  </testcase> <!-- test -->
</testsuite> <!-- com.OrangeHRM.base.Dummy -->
