<?xml version="1.0" encoding="UTF-8"?>
<!-- Generated by org.testng.reporters.JUnitReportReporter -->
<testsuite hostname="DESKTOP-2R1P9IO" failures="0" tests="2" name="com.OrangeHRM.Testcases.EmployeeListTest" time="20.953" errors="0" timestamp="05 Mar 2020 15:28:13 GMT" skipped="1">
  <testcase classname="com.OrangeHRM.Testcases.EmployeeListTest" name="verifyemployeelistpageTest" time="20.953"/>
  <testcase classname="com.OrangeHRM.Testcases.EmployeeListTest" name="addNewEmployeeTest" time="0.000">
    <skipped/>
  </testcase> <!-- addNewEmployeeTest -->
</testsuite> <!-- com.OrangeHRM.Testcases.EmployeeListTest -->
