<?xml version="1.0" encoding="UTF-8"?>
<!-- Generated by org.testng.reporters.JUnitReportReporter -->
<testsuite hostname="DESKTOP-2R1P9IO" failures="0" tests="1" name="com.OrangeHRM.Testcases.LoginPageTest" time="18.610" errors="0" timestamp="04 Mar 2020 09:40:16 GMT" skipped="0">
  <testcase classname="com.OrangeHRM.Testcases.LoginPageTest" name="loginTest" time="18.610"/>
</testsuite> <!-- com.OrangeHRM.Testcases.LoginPageTest -->
