<?xml version="1.0" encoding="UTF-8"?>
<!-- Generated by org.testng.reporters.JUnitReportReporter -->
<testsuite hostname="DESKTOP-2R1P9IO" failures="0" tests="4" name="com.OrangeHRM.Testcases.HomePageTest" time="100.814" errors="0" timestamp="05 Mar 2020 12:02:14 GMT" skipped="0">
  <testcase classname="com.OrangeHRM.Testcases.HomePageTest" name="verifyTitleTest" time="16.800"/>
  <testcase classname="com.OrangeHRM.Testcases.HomePageTest" name="verifyWelcomeMsgTest" time="18.167"/>
  <testcase classname="com.OrangeHRM.Testcases.HomePageTest" name="clickOnEmployeePageLinkTest" time="43.862"/>
  <testcase classname="com.OrangeHRM.Testcases.HomePageTest" name="clickOnRecruitmentPageLink" time="21.985"/>
</testsuite> <!-- com.OrangeHRM.Testcases.HomePageTest -->
