<?xml version="1.0" encoding="UTF-8"?>
<!-- Generated by org.testng.reporters.JUnitReportReporter -->
<testsuite hostname="DESKTOP-2R1P9IO" failures="0" tests="1" name="com.OrangeHRM.Testcases.EmployeePageTest" time="25.970" errors="0" timestamp="05 Mar 2020 13:34:00 GMT" skipped="0">
  <testcase classname="com.OrangeHRM.Testcases.EmployeePageTest" name="selectEmolyeeTest" time="25.970"/>
</testsuite> <!-- com.OrangeHRM.Testcases.EmployeePageTest -->
